-------------------------------------------------------------------------------
Test set: sqa.topdown.TopDownIntegrationTest
-------------------------------------------------------------------------------
Tests run: 10, Failures: 5, Errors: 0, Skipped: 0, Time elapsed: 0.012 s <<< FAILURE! -- in sqa.topdown.TopDownIntegrationTest
sqa.topdown.TopDownIntegrationTest.td6_stage3_weightGramToKg_expectsCorrectMath -- Time elapsed: 0.001 s <<< FAILURE!
org.opentest4j.AssertionFailedError: Defect: gram->kilogram multiplier is reversed in WeightConverter ==> expected: <1.0> but was: <1000000.0>
	at org.junit.jupiter.api.AssertionFailureBuilder.build(AssertionFailureBuilder.java:151)
	at org.junit.jupiter.api.AssertionFailureBuilder.buildAndThrow(AssertionFailureBuilder.java:132)
	at org.junit.jupiter.api.AssertEquals.failNotEqual(AssertEquals.java:197)
	at org.junit.jupiter.api.AssertEquals.assertEquals(AssertEquals.java:86)
	at org.junit.jupiter.api.Assertions.assertEquals(Assertions.java:1024)
	at sqa.topdown.TopDownIntegrationTest.td6_stage3_weightGramToKg_expectsCorrectMath(TopDownIntegrationTest.java:83)
	at java.base/java.lang.reflect.Method.invoke(Method.java:569)
	at java.base/java.util.ArrayList.forEach(ArrayList.java:1511)
	at java.base/java.util.ArrayList.forEach(ArrayList.java:1511)

sqa.topdown.TopDownIntegrationTest.td7_stage4_temperatureCtoF_expectsCorrectMath -- Time elapsed: 0.001 s <<< FAILURE!
org.opentest4j.AssertionFailedError: Defect: TemperatureConverter C->F uses integer division 9/5 ==> expected: <212.0> but was: <132.0>
	at org.junit.jupiter.api.AssertionFailureBuilder.build(AssertionFailureBuilder.java:151)
	at org.junit.jupiter.api.AssertionFailureBuilder.buildAndThrow(AssertionFailureBuilder.java:132)
	at org.junit.jupiter.api.AssertEquals.failNotEqual(AssertEquals.java:197)
	at org.junit.jupiter.api.AssertEquals.assertEquals(AssertEquals.java:86)
	at org.junit.jupiter.api.Assertions.assertEquals(Assertions.java:1024)
	at sqa.topdown.TopDownIntegrationTest.td7_stage4_temperatureCtoF_expectsCorrectMath(TopDownIntegrationTest.java:99)
	at java.base/java.lang.reflect.Method.invoke(Method.java:569)
	at java.base/java.util.ArrayList.forEach(ArrayList.java:1511)
	at java.base/java.util.ArrayList.forEach(ArrayList.java:1511)

sqa.topdown.TopDownIntegrationTest.td8_stage4_temperatureFtoC_expectsCorrectMath -- Time elapsed: 0 s <<< FAILURE!
org.opentest4j.AssertionFailedError: Defect: TemperatureConverter F->C uses integer division 5/9 ==> expected: <100.0> but was: <0.0>
	at org.junit.jupiter.api.AssertionFailureBuilder.build(AssertionFailureBuilder.java:151)
	at org.junit.jupiter.api.AssertionFailureBuilder.buildAndThrow(AssertionFailureBuilder.java:132)
	at org.junit.jupiter.api.AssertEquals.failNotEqual(AssertEquals.java:197)
	at org.junit.jupiter.api.AssertEquals.assertEquals(AssertEquals.java:86)
	at org.junit.jupiter.api.Assertions.assertEquals(Assertions.java:1024)
	at sqa.topdown.TopDownIntegrationTest.td8_stage4_temperatureFtoC_expectsCorrectMath(TopDownIntegrationTest.java:107)
	at java.base/java.lang.reflect.Method.invoke(Method.java:569)
	at java.base/java.util.ArrayList.forEach(ArrayList.java:1511)
	at java.base/java.util.ArrayList.forEach(ArrayList.java:1511)

sqa.topdown.TopDownIntegrationTest.td5_stage3_weightKgToGram_expectsCorrectMath -- Time elapsed: 0 s <<< FAILURE!
org.opentest4j.AssertionFailedError: Defect: kilogram->gram multiplier is reversed in WeightConverter ==> expected: <5000.0> but was: <0.005>
	at org.junit.jupiter.api.AssertionFailureBuilder.build(AssertionFailureBuilder.java:151)
	at org.junit.jupiter.api.AssertionFailureBuilder.buildAndThrow(AssertionFailureBuilder.java:132)
	at org.junit.jupiter.api.AssertEquals.failNotEqual(AssertEquals.java:197)
	at org.junit.jupiter.api.AssertEquals.assertEquals(AssertEquals.java:86)
	at org.junit.jupiter.api.Assertions.assertEquals(Assertions.java:1024)
	at sqa.topdown.TopDownIntegrationTest.td5_stage3_weightKgToGram_expectsCorrectMath(TopDownIntegrationTest.java:75)
	at java.base/java.lang.reflect.Method.invoke(Method.java:569)
	at java.base/java.util.ArrayList.forEach(ArrayList.java:1511)
	at java.base/java.util.ArrayList.forEach(ArrayList.java:1511)

sqa.topdown.TopDownIntegrationTest.td10_stage4_temperatureKtoF_expectsCorrectMath -- Time elapsed: 0 s <<< FAILURE!
org.opentest4j.AssertionFailedError: Defect: TemperatureConverter K->F uses integer division 9/5 ==> expected: <-279.67> but was: <-141.14999999999998>
	at org.junit.jupiter.api.AssertionFailureBuilder.build(AssertionFailureBuilder.java:151)
	at org.junit.jupiter.api.AssertionFailureBuilder.buildAndThrow(AssertionFailureBuilder.java:132)
	at org.junit.jupiter.api.AssertEquals.failNotEqual(AssertEquals.java:197)
	at org.junit.jupiter.api.AssertEquals.assertEquals(AssertEquals.java:86)
	at org.junit.jupiter.api.Assertions.assertEquals(Assertions.java:1024)
	at sqa.topdown.TopDownIntegrationTest.td10_stage4_temperatureKtoF_expectsCorrectMath(TopDownIntegrationTest.java:123)
	at java.base/java.lang.reflect.Method.invoke(Method.java:569)
	at java.base/java.util.ArrayList.forEach(ArrayList.java:1511)
	at java.base/java.util.ArrayList.forEach(ArrayList.java:1511)

