<?xml version="1.0" encoding="UTF-8"?>
<testsuite xmlns:xsi="http://www.w3.org/2001/XMLSchema-instance" xsi:noNamespaceSchemaLocation="https://maven.apache.org/surefire/maven-surefire-plugin/xsd/surefire-test-report-3.0.xsd" version="3.0" name="sqa.bottomup.BottomUpIntegrationTest" time="0.061" tests="10" errors="0" skipped="0" failures="5">
  <properties>
[...]
</properties>
  <testcase name="bu5_temperature_zeroCtoF_isCorrectByCoincidence" classname="sqa.bottomup.BottomUpIntegrationTest" time="0.021"/>
  <testcase name="bu1_distance_kmToMeter" classname="sqa.bottomup.BottomUpIntegrationTest" time="0.002"/>
  <testcase name="bu9_fullIntegration_distance" classname="sqa.bottomup.BottomUpIntegrationTest" time="0.002"/>
  <testcase name="bu10_fullIntegration_weight_expectsCorrectMath" classname="sqa.bottomup.BottomUpIntegrationTest" time="0.006">
    <failure message="Defect confirmed present after full integration ==&gt; expected: &lt;5000.0&gt; but was: &lt;0.005&gt;" type="org.opentest4j.AssertionFailedError"><![CDATA[org.opentest4j.AssertionFailedError: Defect confirmed present after full integration ==> expected: <5000.0> but was: <0.005>
	at org.junit.jupiter.api.AssertionFailureBuilder.build(AssertionFailureBuilder.java:151)
	at org.junit.jupiter.api.AssertionFailureBuilder.buildAndThrow(AssertionFailureBuilder.java:132)
	at org.junit.jupiter.api.AssertEquals.failNotEqual(AssertEquals.java:197)
	at org.junit.jupiter.api.AssertEquals.assertEquals(AssertEquals.java:86)
	at org.junit.jupiter.api.Assertions.assertEquals(Assertions.java:1024)
	at sqa.bottomup.BottomUpIntegrationTest.bu10_fullIntegration_weight_expectsCorrectMath(BottomUpIntegrationTest.java:84)
	at java.base/java.lang.reflect.Method.invoke(Method.java:569)
	at java.base/java.util.ArrayList.forEach(ArrayList.java:1511)
	at java.base/java.util.ArrayList.forEach(ArrayList.java:1511)
]]></failure>
  </testcase>
  <testcase name="bu2_distance_mileToKm" classname="sqa.bottomup.BottomUpIntegrationTest" time="0.001"/>
  <testcase name="bu3_weight_kgToGram_expectsCorrectMath" classname="sqa.bottomup.BottomUpIntegrationTest" time="0.002">
    <failure message="Defect: kilogram-&gt;gram multiplier is reversed in WeightConverter ==&gt; expected: &lt;5000.0&gt; but was: &lt;0.005&gt;" type="org.opentest4j.AssertionFailedError"><![CDATA[org.opentest4j.AssertionFailedError: Defect: kilogram->gram multiplier is reversed in WeightConverter ==> expected: <5000.0> but was: <0.005>
	at org.junit.jupiter.api.AssertionFailureBuilder.build(AssertionFailureBuilder.java:151)
	at org.junit.jupiter.api.AssertionFailureBuilder.buildAndThrow(AssertionFailureBuilder.java:132)
	at org.junit.jupiter.api.AssertEquals.failNotEqual(AssertEquals.java:197)
	at org.junit.jupiter.api.AssertEquals.assertEquals(AssertEquals.java:86)
	at org.junit.jupiter.api.Assertions.assertEquals(Assertions.java:1024)
	at sqa.bottomup.BottomUpIntegrationTest.bu3_weight_kgToGram_expectsCorrectMath(BottomUpIntegrationTest.java:28)
	at java.base/java.lang.reflect.Method.invoke(Method.java:569)
	at java.base/java.util.ArrayList.forEach(ArrayList.java:1511)
	at java.base/java.util.ArrayList.forEach(ArrayList.java:1511)
]]></failure>
  </testcase>
  <testcase name="bu7_temperature_thirtyTwoFtoC_isCorrectByCoincidence" classname="sqa.bottomup.BottomUpIntegrationTest" time="0.001"/>
  <testcase name="bu6_temperature_hundredCtoF_expectsCorrectMath" classname="sqa.bottomup.BottomUpIntegrationTest" time="0.002">
    <failure message="Defect: TemperatureConverter C-&gt;F uses integer division 9/5 ==&gt; expected: &lt;212.0&gt; but was: &lt;132.0&gt;" type="org.opentest4j.AssertionFailedError"><![CDATA[org.opentest4j.AssertionFailedError: Defect: TemperatureConverter C->F uses integer division 9/5 ==> expected: <212.0> but was: <132.0>
	at org.junit.jupiter.api.AssertionFailureBuilder.build(AssertionFailureBuilder.java:151)
	at org.junit.jupiter.api.AssertionFailureBuilder.buildAndThrow(AssertionFailureBuilder.java:132)
	at org.junit.jupiter.api.AssertEquals.failNotEqual(AssertEquals.java:197)
	at org.junit.jupiter.api.AssertEquals.assertEquals(AssertEquals.java:86)
	at org.junit.jupiter.api.Assertions.assertEquals(Assertions.java:1024)
	at sqa.bottomup.BottomUpIntegrationTest.bu6_temperature_hundredCtoF_expectsCorrectMath(BottomUpIntegrationTest.java:52)
	at java.base/java.lang.reflect.Method.invoke(Method.java:569)
	at java.base/java.util.ArrayList.forEach(ArrayList.java:1511)
	at java.base/java.util.ArrayList.forEach(ArrayList.java:1511)
]]></failure>
  </testcase>
  <testcase name="bu4_weight_ounceToLbs_expectsCorrectMath" classname="sqa.bottomup.BottomUpIntegrationTest" time="0.001">
    <failure message="Defect: WeightConverter checks &quot;once&quot; instead of &quot;ounce&quot; ==&gt; expected: &lt;1.0&gt; but was: &lt;16.0&gt;" type="org.opentest4j.AssertionFailedError"><![CDATA[org.opentest4j.AssertionFailedError: Defect: WeightConverter checks "once" instead of "ounce" ==> expected: <1.0> but was: <16.0>
	at org.junit.jupiter.api.AssertionFailureBuilder.build(AssertionFailureBuilder.java:151)
	at org.junit.jupiter.api.AssertionFailureBuilder.buildAndThrow(AssertionFailureBuilder.java:132)
	at org.junit.jupiter.api.AssertEquals.failNotEqual(AssertEquals.java:197)
	at org.junit.jupiter.api.AssertEquals.assertEquals(AssertEquals.java:86)
	at org.junit.jupiter.api.Assertions.assertEquals(Assertions.java:1024)
	at sqa.bottomup.BottomUpIntegrationTest.bu4_weight_ounceToLbs_expectsCorrectMath(BottomUpIntegrationTest.java:36)
	at java.base/java.lang.reflect.Method.invoke(Method.java:569)
	at java.base/java.util.ArrayList.forEach(ArrayList.java:1511)
	at java.base/java.util.ArrayList.forEach(ArrayList.java:1511)
]]></failure>
  </testcase>
  <testcase name="bu8_temperature_twoTwelveFtoC_expectsCorrectMath" classname="sqa.bottomup.BottomUpIntegrationTest" time="0.001">
    <failure message="Defect: TemperatureConverter F-&gt;C uses integer division 5/9 ==&gt; expected: &lt;100.0&gt; but was: &lt;0.0&gt;" type="org.opentest4j.AssertionFailedError"><![CDATA[org.opentest4j.AssertionFailedError: Defect: TemperatureConverter F->C uses integer division 5/9 ==> expected: <100.0> but was: <0.0>
	at org.junit.jupiter.api.AssertionFailureBuilder.build(AssertionFailureBuilder.java:151)
	at org.junit.jupiter.api.AssertionFailureBuilder.buildAndThrow(AssertionFailureBuilder.java:132)
	at org.junit.jupiter.api.AssertEquals.failNotEqual(AssertEquals.java:197)
	at org.junit.jupiter.api.AssertEquals.assertEquals(AssertEquals.java:86)
	at org.junit.jupiter.api.Assertions.assertEquals(Assertions.java:1024)
	at sqa.bottomup.BottomUpIntegrationTest.bu8_temperature_twoTwelveFtoC_expectsCorrectMath(BottomUpIntegrationTest.java:68)
	at java.base/java.lang.reflect.Method.invoke(Method.java:569)
	at java.base/java.util.ArrayList.forEach(ArrayList.java:1511)
	at java.base/java.util.ArrayList.forEach(ArrayList.java:1511)
]]></failure>
  </testcase>
</testsuite>