<?xml version="1.0" encoding="UTF-8"?>
<testsuite xmlns:xsi="http://www.w3.org/2001/XMLSchema-instance" xsi:noNamespaceSchemaLocation="https://maven.apache.org/surefire/maven-surefire-plugin/xsd/surefire-test-report-3.0.xsd" version="3.0" name="sqa.topdown.TopDownIntegrationTest" time="0.012" tests="10" errors="0" skipped="0" failures="5">
  <properties>
[...]
</properties>
  <testcase name="td9_stage4_temperatureCtoK_isCorrect" classname="sqa.topdown.TopDownIntegrationTest" time="0.0"/>
  <testcase name="td3_stage1_routesToTemperatureStub" classname="sqa.topdown.TopDownIntegrationTest" time="0.0"/>
  <testcase name="td6_stage3_weightGramToKg_expectsCorrectMath" classname="sqa.topdown.TopDownIntegrationTest" time="0.001">
    <failure message="Defect: gram-&gt;kilogram multiplier is reversed in WeightConverter ==&gt; expected: &lt;1.0&gt; but was: &lt;1000000.0&gt;" type="org.opentest4j.AssertionFailedError"><![CDATA[org.opentest4j.AssertionFailedError: Defect: gram->kilogram multiplier is reversed in WeightConverter ==> expected: <1.0> but was: <1000000.0>
	at org.junit.jupiter.api.AssertionFailureBuilder.build(AssertionFailureBuilder.java:151)
	at org.junit.jupiter.api.AssertionFailureBuilder.buildAndThrow(AssertionFailureBuilder.java:132)
	at org.junit.jupiter.api.AssertEquals.failNotEqual(AssertEquals.java:197)
	at org.junit.jupiter.api.AssertEquals.assertEquals(AssertEquals.java:86)
	at org.junit.jupiter.api.Assertions.assertEquals(Assertions.java:1024)
	at sqa.topdown.TopDownIntegrationTest.td6_stage3_weightGramToKg_expectsCorrectMath(TopDownIntegrationTest.java:83)
	at java.base/java.lang.reflect.Method.invoke(Method.java:569)
	at java.base/java.util.ArrayList.forEach(ArrayList.java:1511)
	at java.base/java.util.ArrayList.forEach(ArrayList.java:1511)
]]></failure>
  </testcase>
  <testcase name="td7_stage4_temperatureCtoF_expectsCorrectMath" classname="sqa.topdown.TopDownIntegrationTest" time="0.001">
    <failure message="Defect: TemperatureConverter C-&gt;F uses integer division 9/5 ==&gt; expected: &lt;212.0&gt; but was: &lt;132.0&gt;" type="org.opentest4j.AssertionFailedError"><![CDATA[org.opentest4j.AssertionFailedError: Defect: TemperatureConverter C->F uses integer division 9/5 ==> expected: <212.0> but was: <132.0>
	at org.junit.jupiter.api.AssertionFailureBuilder.build(AssertionFailureBuilder.java:151)
	at org.junit.jupiter.api.AssertionFailureBuilder.buildAndThrow(AssertionFailureBuilder.java:132)
	at org.junit.jupiter.api.AssertEquals.failNotEqual(AssertEquals.java:197)
	at org.junit.jupiter.api.AssertEquals.assertEquals(AssertEquals.java:86)
	at org.junit.jupiter.api.Assertions.assertEquals(Assertions.java:1024)
	at sqa.topdown.TopDownIntegrationTest.td7_stage4_temperatureCtoF_expectsCorrectMath(TopDownIntegrationTest.java:99)
	at java.base/java.lang.reflect.Method.invoke(Method.java:569)
	at java.base/java.util.ArrayList.forEach(ArrayList.java:1511)
	at java.base/java.util.ArrayList.forEach(ArrayList.java:1511)
]]></failure>
  </testcase>
  <testcase name="td8_stage4_temperatureFtoC_expectsCorrectMath" classname="sqa.topdown.TopDownIntegrationTest" time="0.0">
    <failure message="Defect: TemperatureConverter F-&gt;C uses integer division 5/9 ==&gt; expected: &lt;100.0&gt; but was: &lt;0.0&gt;" type="org.opentest4j.AssertionFailedError"><![CDATA[org.opentest4j.AssertionFailedError: Defect: TemperatureConverter F->C uses integer division 5/9 ==> expected: <100.0> but was: <0.0>
	at org.junit.jupiter.api.AssertionFailureBuilder.build(AssertionFailureBuilder.java:151)
	at org.junit.jupiter.api.AssertionFailureBuilder.buildAndThrow(AssertionFailureBuilder.java:132)
	at org.junit.jupiter.api.AssertEquals.failNotEqual(AssertEquals.java:197)
	at org.junit.jupiter.api.AssertEquals.assertEquals(AssertEquals.java:86)
	at org.junit.jupiter.api.Assertions.assertEquals(Assertions.java:1024)
	at sqa.topdown.TopDownIntegrationTest.td8_stage4_temperatureFtoC_expectsCorrectMath(TopDownIntegrationTest.java:107)
	at java.base/java.lang.reflect.Method.invoke(Method.java:569)
	at java.base/java.util.ArrayList.forEach(ArrayList.java:1511)
	at java.base/java.util.ArrayList.forEach(ArrayList.java:1511)
]]></failure>
  </testcase>
  <testcase name="td2_stage1_routesToWeightStub" classname="sqa.topdown.TopDownIntegrationTest" time="0.001"/>
  <testcase name="td5_stage3_weightKgToGram_expectsCorrectMath" classname="sqa.topdown.TopDownIntegrationTest" time="0.0">
    <failure message="Defect: kilogram-&gt;gram multiplier is reversed in WeightConverter ==&gt; expected: &lt;5000.0&gt; but was: &lt;0.005&gt;" type="org.opentest4j.AssertionFailedError"><![CDATA[org.opentest4j.AssertionFailedError: Defect: kilogram->gram multiplier is reversed in WeightConverter ==> expected: <5000.0> but was: <0.005>
	at org.junit.jupiter.api.AssertionFailureBuilder.build(AssertionFailureBuilder.java:151)
	at org.junit.jupiter.api.AssertionFailureBuilder.buildAndThrow(AssertionFailureBuilder.java:132)
	at org.junit.jupiter.api.AssertEquals.failNotEqual(AssertEquals.java:197)
	at org.junit.jupiter.api.AssertEquals.assertEquals(AssertEquals.java:86)
	at org.junit.jupiter.api.Assertions.assertEquals(Assertions.java:1024)
	at sqa.topdown.TopDownIntegrationTest.td5_stage3_weightKgToGram_expectsCorrectMath(TopDownIntegrationTest.java:75)
	at java.base/java.lang.reflect.Method.invoke(Method.java:569)
	at java.base/java.util.ArrayList.forEach(ArrayList.java:1511)
	at java.base/java.util.ArrayList.forEach(ArrayList.java:1511)
]]></failure>
  </testcase>
  <testcase name="td1_stage1_routesToDistanceStub" classname="sqa.topdown.TopDownIntegrationTest" time="0.0"/>
  <testcase name="td4_stage2_realDistanceIntegrated" classname="sqa.topdown.TopDownIntegrationTest" time="0.0"/>
  <testcase name="td10_stage4_temperatureKtoF_expectsCorrectMath" classname="sqa.topdown.TopDownIntegrationTest" time="0.0">
    <failure message="Defect: TemperatureConverter K-&gt;F uses integer division 9/5 ==&gt; expected: &lt;-279.67&gt; but was: &lt;-141.14999999999998&gt;" type="org.opentest4j.AssertionFailedError"><![CDATA[org.opentest4j.AssertionFailedError: Defect: TemperatureConverter K->F uses integer division 9/5 ==> expected: <-279.67> but was: <-141.14999999999998>
	at org.junit.jupiter.api.AssertionFailureBuilder.build(AssertionFailureBuilder.java:151)
	at org.junit.jupiter.api.AssertionFailureBuilder.buildAndThrow(AssertionFailureBuilder.java:132)
	at org.junit.jupiter.api.AssertEquals.failNotEqual(AssertEquals.java:197)
	at org.junit.jupiter.api.AssertEquals.assertEquals(AssertEquals.java:86)
	at org.junit.jupiter.api.Assertions.assertEquals(Assertions.java:1024)
	at sqa.topdown.TopDownIntegrationTest.td10_stage4_temperatureKtoF_expectsCorrectMath(TopDownIntegrationTest.java:123)
	at java.base/java.lang.reflect.Method.invoke(Method.java:569)
	at java.base/java.util.ArrayList.forEach(ArrayList.java:1511)
	at java.base/java.util.ArrayList.forEach(ArrayList.java:1511)
]]></failure>
  </testcase>
</testsuite>